2014/02/24 11:08:15 [error] [php] Trying to get property of non-object (C:\xampp\htdocs\gud\themes\template\views\user\stream.php:4)
Stack trace:
#0 C:\xampp\htdocs\gud\framework\web\CController.php(870): UserController->renderFile()
#1 C:\xampp\htdocs\gud\framework\web\CController.php(783): UserController->renderPartial()
#2 C:\xampp\htdocs\gud\protected\controllers\UserController.php(724): UserController->render()
#3 unknown(0): UserController->actionStream()
#4 C:\xampp\htdocs\gud\framework\web\actions\CAction.php(107): ReflectionMethod->invokeArgs()
#5 C:\xampp\htdocs\gud\framework\web\actions\CInlineAction.php(48): CInlineAction->runWithParamsInternal()
#6 C:\xampp\htdocs\gud\framework\web\CController.php(309): CInlineAction->runWithParams()
#7 C:\xampp\htdocs\gud\framework\web\filters\CFilterChain.php(134): UserController->runAction()
#8 C:\xampp\htdocs\gud\framework\web\filters\CFilter.php(41): CFilterChain->run()
#9 C:\xampp\htdocs\gud\framework\web\CController.php(1146): CAccessControlFilter->filter()
#10 C:\xampp\htdocs\gud\framework\web\filters\CInlineFilter.php(59): UserController->filterAccessControl()
#11 C:\xampp\htdocs\gud\framework\web\filters\CFilterChain.php(131): CInlineFilter->filter()
#12 C:\xampp\htdocs\gud\framework\web\CController.php(292): CFilterChain->run()
#13 C:\xampp\htdocs\gud\framework\web\CController.php(266): UserController->runActionWithFilters()
#14 C:\xampp\htdocs\gud\framework\web\CWebApplication.php(276): UserController->run()
#15 C:\xampp\htdocs\gud\framework\web\CWebApplication.php(135): CWebApplication->runController()
#16 C:\xampp\htdocs\gud\framework\base\CApplication.php(162): CWebApplication->processRequest()
#17 C:\xampp\htdocs\gud\index.php(13): CWebApplication->run()
REQUEST_URI=/gud/index.php?r=user/stream&id=5
in C:\xampp\htdocs\gud\themes\template\views\user\stream.php (4)
in C:\xampp\htdocs\gud\protected\controllers\UserController.php (724)
in C:\xampp\htdocs\gud\index.php (13)
2014/02/25 08:00:30 [warning] [application] Failed to set unsafe attribute "career_categories_id" of "CareerOptions".
in C:\xampp\htdocs\gud\protected\modules\admin\controllers\CareerOptionsController.php (218)
in C:\xampp\htdocs\gud\index.php (13)
2014/02/25 08:00:30 [warning] [application] Failed to set unsafe attribute "oldImage" of "CareerOptions".
in C:\xampp\htdocs\gud\protected\modules\admin\controllers\CareerOptionsController.php (218)
in C:\xampp\htdocs\gud\index.php (13)
2014/02/25 08:00:30 [warning] [application] Failed to set unsafe attribute "subjects" of "CareerOptions".
in C:\xampp\htdocs\gud\protected\modules\admin\controllers\CareerOptionsController.php (218)
in C:\xampp\htdocs\gud\index.php (13)
2014/02/25 08:28:22 [error] [exception.CException] exception 'CException' with message 'Property "CareerOptions.subjects" is not defined.' in C:\xampp\htdocs\framework\base\CComponent.php:130
Stack trace:
#0 C:\xampp\htdocs\framework\db\ar\CActiveRecord.php(145): CComponent->__get('subjects')
#1 C:\xampp\htdocs\gud\protected\modules\admin\views\careerOptions\_form.php(101): CActiveRecord->__get('subjects')
#2 C:\xampp\htdocs\framework\web\CBaseController.php(126): require('C:\xampp\htdocs...')
#3 C:\xampp\htdocs\framework\web\CBaseController.php(95): CBaseController->renderInternal('C:\xampp\htdocs...', Array, true)
#4 C:\xampp\htdocs\framework\web\CController.php(869): CBaseController->renderFile('C:\xampp\htdocs...', Array, true)
#5 C:\xampp\htdocs\gud\protected\modules\admin\views\careerOptions\update.php(21): CController->renderPartial('_form', Array)
#6 C:\xampp\htdocs\framework\web\CBaseController.php(126): require('C:\xampp\htdocs...')
#7 C:\xampp\htdocs\framework\web\CBaseController.php(95): CBaseController->renderInternal('C:\xampp\htdocs...', Array, true)
#8 C:\xampp\htdocs\framework\web\CController.php(869): CBaseController->renderFile('C:\xampp\htdocs...', Array, true)
#9 C:\xampp\htdocs\framework\web\CController.php(782): CController->renderPartial('update', Array, true)
#10 C:\xampp\htdocs\gud\protected\modules\admin\controllers\CareerOptionsController.php(289): CController->render('update', Array)
#11 [internal function]: CareerOptionsController->actionUpdate('1')
#12 C:\xampp\htdocs\framework\web\actions\CAction.php(108): ReflectionMethod->invokeArgs(Object(CareerOptionsController), Array)
#13 C:\xampp\htdocs\framework\web\actions\CInlineAction.php(47): CAction->runWithParamsInternal(Object(CareerOptionsController), Object(ReflectionMethod), Array)
#14 C:\xampp\htdocs\framework\web\CController.php(308): CInlineAction->runWithParams(Array)
#15 C:\xampp\htdocs\framework\web\filters\CFilterChain.php(133): CController->runAction(Object(CInlineAction))
#16 C:\xampp\htdocs\framework\web\filters\CFilter.php(40): CFilterChain->run()
#17 C:\xampp\htdocs\framework\web\CController.php(1145): CFilter->filter(Object(CFilterChain))
#18 C:\xampp\htdocs\framework\web\filters\CInlineFilter.php(58): CController->filterAccessControl(Object(CFilterChain))
#19 C:\xampp\htdocs\framework\web\filters\CFilterChain.php(130): CInlineFilter->filter(Object(CFilterChain))
#20 C:\xampp\htdocs\framework\web\CController.php(291): CFilterChain->run()
#21 C:\xampp\htdocs\framework\web\CController.php(265): CController->runActionWithFilters(Object(CInlineAction), Array)
#22 C:\xampp\htdocs\framework\web\CWebApplication.php(282): CController->run('update')
#23 C:\xampp\htdocs\framework\web\CWebApplication.php(141): CWebApplication->runController('admin/careerOpt...')
#24 C:\xampp\htdocs\framework\base\CApplication.php(180): CWebApplication->processRequest()
#25 C:\xampp\htdocs\gud\index.php(13): CApplication->run()
#26 {main}
REQUEST_URI=/gud/index.php?r=admin/careerOptions/update&id=1
HTTP_REFERER=http://localhost/gud/index.php?r=admin/careerOptions/adminView&id=1
---
2014/02/25 08:28:56 [error] [php] Undefined offset: 18 (C:\xampp\htdocs\gud\protected\modules\admin\views\careerOptions\_form.php:101)
Stack trace:
#0 C:\xampp\htdocs\framework\web\CController.php(869): CareerOptionsController->renderFile()
#1 C:\xampp\htdocs\gud\protected\modules\admin\views\careerOptions\update.php(21): CareerOptionsController->renderPartial()
#2 C:\xampp\htdocs\framework\web\CBaseController.php(126): require()
#3 C:\xampp\htdocs\framework\web\CBaseController.php(95): CareerOptionsController->renderInternal()
#4 C:\xampp\htdocs\framework\web\CController.php(869): CareerOptionsController->renderFile()
#5 C:\xampp\htdocs\framework\web\CController.php(782): CareerOptionsController->renderPartial()
#6 C:\xampp\htdocs\gud\protected\modules\admin\controllers\CareerOptionsController.php(289): CareerOptionsController->render()
#7 unknown(0): CareerOptionsController->actionUpdate()
#8 C:\xampp\htdocs\framework\web\actions\CAction.php(108): ReflectionMethod->invokeArgs()
#9 C:\xampp\htdocs\framework\web\actions\CInlineAction.php(47): CInlineAction->runWithParamsInternal()
#10 C:\xampp\htdocs\framework\web\CController.php(308): CInlineAction->runWithParams()
#11 C:\xampp\htdocs\framework\web\filters\CFilterChain.php(133): CareerOptionsController->runAction()
#12 C:\xampp\htdocs\framework\web\filters\CFilter.php(40): CFilterChain->run()
#13 C:\xampp\htdocs\framework\web\CController.php(1145): CAccessControlFilter->filter()
#14 C:\xampp\htdocs\framework\web\filters\CInlineFilter.php(58): CareerOptionsController->filterAccessControl()
#15 C:\xampp\htdocs\framework\web\filters\CFilterChain.php(130): CInlineFilter->filter()
#16 C:\xampp\htdocs\framework\web\CController.php(291): CFilterChain->run()
#17 C:\xampp\htdocs\framework\web\CController.php(265): CareerOptionsController->runActionWithFilters()
#18 C:\xampp\htdocs\framework\web\CWebApplication.php(282): CareerOptionsController->run()
#19 C:\xampp\htdocs\framework\web\CWebApplication.php(141): CWebApplication->runController()
#20 C:\xampp\htdocs\framework\base\CApplication.php(180): CWebApplication->processRequest()
#21 C:\xampp\htdocs\gud\index.php(13): CWebApplication->run()
REQUEST_URI=/gud/index.php?r=admin/careerOptions/update&id=1
in C:\xampp\htdocs\gud\protected\modules\admin\views\careerOptions\_form.php (101)
in C:\xampp\htdocs\gud\protected\modules\admin\views\careerOptions\update.php (21)
in C:\xampp\htdocs\gud\protected\modules\admin\controllers\CareerOptionsController.php (289)
2014/02/25 08:33:37 [error] [php] Undefined offset: 18 (C:\xampp\htdocs\gud\protected\modules\admin\views\careerOptions\_form.php:101)
Stack trace:
#0 C:\xampp\htdocs\framework\web\CController.php(869): CareerOptionsController->renderFile()
#1 C:\xampp\htdocs\gud\protected\modules\admin\views\careerOptions\update.php(21): CareerOptionsController->renderPartial()
#2 C:\xampp\htdocs\framework\web\CBaseController.php(126): require()
#3 C:\xampp\htdocs\framework\web\CBaseController.php(95): CareerOptionsController->renderInternal()
#4 C:\xampp\htdocs\framework\web\CController.php(869): CareerOptionsController->renderFile()
#5 C:\xampp\htdocs\framework\web\CController.php(782): CareerOptionsController->renderPartial()
#6 C:\xampp\htdocs\gud\protected\modules\admin\controllers\CareerOptionsController.php(289): CareerOptionsController->render()
#7 unknown(0): CareerOptionsController->actionUpdate()
#8 C:\xampp\htdocs\framework\web\actions\CAction.php(108): ReflectionMethod->invokeArgs()
#9 C:\xampp\htdocs\framework\web\actions\CInlineAction.php(47): CInlineAction->runWithParamsInternal()
#10 C:\xampp\htdocs\framework\web\CController.php(308): CInlineAction->runWithParams()
#11 C:\xampp\htdocs\framework\web\filters\CFilterChain.php(133): CareerOptionsController->runAction()
#12 C:\xampp\htdocs\framework\web\filters\CFilter.php(40): CFilterChain->run()
#13 C:\xampp\htdocs\framework\web\CController.php(1145): CAccessControlFilter->filter()
#14 C:\xampp\htdocs\framework\web\filters\CInlineFilter.php(58): CareerOptionsController->filterAccessControl()
#15 C:\xampp\htdocs\framework\web\filters\CFilterChain.php(130): CInlineFilter->filter()
#16 C:\xampp\htdocs\framework\web\CController.php(291): CFilterChain->run()
#17 C:\xampp\htdocs\framework\web\CController.php(265): CareerOptionsController->runActionWithFilters()
#18 C:\xampp\htdocs\framework\web\CWebApplication.php(282): CareerOptionsController->run()
#19 C:\xampp\htdocs\framework\web\CWebApplication.php(141): CWebApplication->runController()
#20 C:\xampp\htdocs\framework\base\CApplication.php(180): CWebApplication->processRequest()
#21 C:\xampp\htdocs\gud\index.php(13): CWebApplication->run()
REQUEST_URI=/gud/index.php?r=admin/careerOptions/update&id=1
in C:\xampp\htdocs\gud\protected\modules\admin\views\careerOptions\_form.php (101)
in C:\xampp\htdocs\gud\protected\modules\admin\views\careerOptions\update.php (21)
in C:\xampp\htdocs\gud\protected\modules\admin\controllers\CareerOptionsController.php (289)
2014/02/25 08:35:52 [error] [php] Object of class Subjects could not be converted to string (C:\xampp\htdocs\gud\protected\modules\admin\views\careerOptions\_form.php:101)
Stack trace:
#0 C:\xampp\htdocs\framework\web\CController.php(869): CareerOptionsController->renderFile()
#1 C:\xampp\htdocs\gud\protected\modules\admin\views\careerOptions\update.php(21): CareerOptionsController->renderPartial()
#2 C:\xampp\htdocs\framework\web\CBaseController.php(126): require()
#3 C:\xampp\htdocs\framework\web\CBaseController.php(95): CareerOptionsController->renderInternal()
#4 C:\xampp\htdocs\framework\web\CController.php(869): CareerOptionsController->renderFile()
#5 C:\xampp\htdocs\framework\web\CController.php(782): CareerOptionsController->renderPartial()
#6 C:\xampp\htdocs\gud\protected\modules\admin\controllers\CareerOptionsController.php(289): CareerOptionsController->render()
#7 unknown(0): CareerOptionsController->actionUpdate()
#8 C:\xampp\htdocs\framework\web\actions\CAction.php(108): ReflectionMethod->invokeArgs()
#9 C:\xampp\htdocs\framework\web\actions\CInlineAction.php(47): CInlineAction->runWithParamsInternal()
#10 C:\xampp\htdocs\framework\web\CController.php(308): CInlineAction->runWithParams()
#11 C:\xampp\htdocs\framework\web\filters\CFilterChain.php(133): CareerOptionsController->runAction()
#12 C:\xampp\htdocs\framework\web\filters\CFilter.php(40): CFilterChain->run()
#13 C:\xampp\htdocs\framework\web\CController.php(1145): CAccessControlFilter->filter()
#14 C:\xampp\htdocs\framework\web\filters\CInlineFilter.php(58): CareerOptionsController->filterAccessControl()
#15 C:\xampp\htdocs\framework\web\filters\CFilterChain.php(130): CInlineFilter->filter()
#16 C:\xampp\htdocs\framework\web\CController.php(291): CFilterChain->run()
#17 C:\xampp\htdocs\framework\web\CController.php(265): CareerOptionsController->runActionWithFilters()
#18 C:\xampp\htdocs\framework\web\CWebApplication.php(282): CareerOptionsController->run()
#19 C:\xampp\htdocs\framework\web\CWebApplication.php(141): CWebApplication->runController()
#20 C:\xampp\htdocs\framework\base\CApplication.php(180): CWebApplication->processRequest()
#21 C:\xampp\htdocs\gud\index.php(13): CWebApplication->run()
REQUEST_URI=/gud/index.php?r=admin/careerOptions/update&id=1
in C:\xampp\htdocs\gud\protected\modules\admin\views\careerOptions\_form.php (101)
in C:\xampp\htdocs\gud\protected\modules\admin\views\careerOptions\update.php (21)
in C:\xampp\htdocs\gud\protected\modules\admin\controllers\CareerOptionsController.php (289)
2014/02/25 08:36:30 [error] [php] Undefined variable: subjects (C:\xampp\htdocs\gud\protected\modules\admin\views\careerOptions\_form.php:6)
Stack trace:
#0 C:\xampp\htdocs\framework\web\CController.php(869): CareerOptionsController->renderFile()
#1 C:\xampp\htdocs\gud\protected\modules\admin\views\careerOptions\update.php(21): CareerOptionsController->renderPartial()
#2 C:\xampp\htdocs\framework\web\CBaseController.php(126): require()
#3 C:\xampp\htdocs\framework\web\CBaseController.php(95): CareerOptionsController->renderInternal()
#4 C:\xampp\htdocs\framework\web\CController.php(869): CareerOptionsController->renderFile()
#5 C:\xampp\htdocs\framework\web\CController.php(782): CareerOptionsController->renderPartial()
#6 C:\xampp\htdocs\gud\protected\modules\admin\controllers\CareerOptionsController.php(289): CareerOptionsController->render()
#7 unknown(0): CareerOptionsController->actionUpdate()
#8 C:\xampp\htdocs\framework\web\actions\CAction.php(108): ReflectionMethod->invokeArgs()
#9 C:\xampp\htdocs\framework\web\actions\CInlineAction.php(47): CInlineAction->runWithParamsInternal()
#10 C:\xampp\htdocs\framework\web\CController.php(308): CInlineAction->runWithParams()
#11 C:\xampp\htdocs\framework\web\filters\CFilterChain.php(133): CareerOptionsController->runAction()
#12 C:\xampp\htdocs\framework\web\filters\CFilter.php(40): CFilterChain->run()
#13 C:\xampp\htdocs\framework\web\CController.php(1145): CAccessControlFilter->filter()
#14 C:\xampp\htdocs\framework\web\filters\CInlineFilter.php(58): CareerOptionsController->filterAccessControl()
#15 C:\xampp\htdocs\framework\web\filters\CFilterChain.php(130): CInlineFilter->filter()
#16 C:\xampp\htdocs\framework\web\CController.php(291): CFilterChain->run()
#17 C:\xampp\htdocs\framework\web\CController.php(265): CareerOptionsController->runActionWithFilters()
#18 C:\xampp\htdocs\framework\web\CWebApplication.php(282): CareerOptionsController->run()
#19 C:\xampp\htdocs\framework\web\CWebApplication.php(141): CWebApplication->runController()
#20 C:\xampp\htdocs\framework\base\CApplication.php(180): CWebApplication->processRequest()
#21 C:\xampp\htdocs\gud\index.php(13): CWebApplication->run()
REQUEST_URI=/gud/index.php?r=admin/careerOptions/update&id=1
in C:\xampp\htdocs\gud\protected\modules\admin\views\careerOptions\_form.php (6)
in C:\xampp\htdocs\gud\protected\modules\admin\views\careerOptions\update.php (21)
in C:\xampp\htdocs\gud\protected\modules\admin\controllers\CareerOptionsController.php (289)
2014/02/25 09:20:31 [warning] [application] Failed to set unsafe attribute "career_categories_id" of "CareerOptions".
in C:\xampp\htdocs\gud\protected\modules\admin\controllers\CareerOptionsController.php (217)
in C:\xampp\htdocs\gud\index.php (13)
2014/02/25 09:20:31 [warning] [application] Failed to set unsafe attribute "oldImage" of "CareerOptions".
in C:\xampp\htdocs\gud\protected\modules\admin\controllers\CareerOptionsController.php (217)
in C:\xampp\htdocs\gud\index.php (13)
2014/02/25 09:20:31 [warning] [application] Failed to set unsafe attribute "subjects" of "CareerOptions".
in C:\xampp\htdocs\gud\protected\modules\admin\controllers\CareerOptionsController.php (217)
in C:\xampp\htdocs\gud\index.php (13)
2014/02/25 09:21:29 [error] [php] Trying to get property of non-object (C:\xampp\htdocs\gud\themes\template\views\user\stream.php:17)
Stack trace:
#0 C:\xampp\htdocs\framework\web\CController.php(869): UserController->renderFile()
#1 C:\xampp\htdocs\framework\web\CController.php(782): UserController->renderPartial()
#2 C:\xampp\htdocs\gud\protected\controllers\UserController.php(723): UserController->render()
#3 unknown(0): UserController->actionStream()
#4 C:\xampp\htdocs\framework\web\actions\CAction.php(108): ReflectionMethod->invokeArgs()
#5 C:\xampp\htdocs\framework\web\actions\CInlineAction.php(47): CInlineAction->runWithParamsInternal()
#6 C:\xampp\htdocs\framework\web\CController.php(308): CInlineAction->runWithParams()
#7 C:\xampp\htdocs\framework\web\filters\CFilterChain.php(133): UserController->runAction()
#8 C:\xampp\htdocs\framework\web\filters\CFilter.php(40): CFilterChain->run()
#9 C:\xampp\htdocs\framework\web\CController.php(1145): CAccessControlFilter->filter()
#10 C:\xampp\htdocs\framework\web\filters\CInlineFilter.php(58): UserController->filterAccessControl()
#11 C:\xampp\htdocs\framework\web\filters\CFilterChain.php(130): CInlineFilter->filter()
#12 C:\xampp\htdocs\framework\web\CController.php(291): CFilterChain->run()
#13 C:\xampp\htdocs\framework\web\CController.php(265): UserController->runActionWithFilters()
#14 C:\xampp\htdocs\framework\web\CWebApplication.php(282): UserController->run()
#15 C:\xampp\htdocs\framework\web\CWebApplication.php(141): CWebApplication->runController()
#16 C:\xampp\htdocs\framework\base\CApplication.php(180): CWebApplication->processRequest()
#17 C:\xampp\htdocs\gud\index.php(13): CWebApplication->run()
REQUEST_URI=/gud/index.php?r=user/stream&id=5
in C:\xampp\htdocs\gud\themes\template\views\user\stream.php (17)
in C:\xampp\htdocs\gud\protected\controllers\UserController.php (723)
in C:\xampp\htdocs\gud\index.php (13)
2014/02/25 10:11:19 [warning] [application] Failed to set unsafe attribute "oldImage" of "Stream".
in C:\xampp\htdocs\gud\protected\modules\admin\controllers\StreamController.php (150)
in C:\xampp\htdocs\gud\index.php (13)
2014/02/25 10:11:19 [warning] [application] Failed to set unsafe attribute "subjects" of "Stream".
in C:\xampp\htdocs\gud\protected\modules\admin\controllers\StreamController.php (150)
in C:\xampp\htdocs\gud\index.php (13)
2014/02/25 10:13:21 [error] [php] Trying to get property of non-object (C:\xampp\htdocs\gud\themes\template\views\user\stream.php:17)
Stack trace:
#0 C:\xampp\htdocs\framework\web\CController.php(869): UserController->renderFile()
#1 C:\xampp\htdocs\framework\web\CController.php(782): UserController->renderPartial()
#2 C:\xampp\htdocs\gud\protected\controllers\UserController.php(723): UserController->render()
#3 unknown(0): UserController->actionStream()
#4 C:\xampp\htdocs\framework\web\actions\CAction.php(108): ReflectionMethod->invokeArgs()
#5 C:\xampp\htdocs\framework\web\actions\CInlineAction.php(47): CInlineAction->runWithParamsInternal()
#6 C:\xampp\htdocs\framework\web\CController.php(308): CInlineAction->runWithParams()
#7 C:\xampp\htdocs\framework\web\filters\CFilterChain.php(133): UserController->runAction()
#8 C:\xampp\htdocs\framework\web\filters\CFilter.php(40): CFilterChain->run()
#9 C:\xampp\htdocs\framework\web\CController.php(1145): CAccessControlFilter->filter()
#10 C:\xampp\htdocs\framework\web\filters\CInlineFilter.php(58): UserController->filterAccessControl()
#11 C:\xampp\htdocs\framework\web\filters\CFilterChain.php(130): CInlineFilter->filter()
#12 C:\xampp\htdocs\framework\web\CController.php(291): CFilterChain->run()
#13 C:\xampp\htdocs\framework\web\CController.php(265): UserController->runActionWithFilters()
#14 C:\xampp\htdocs\framework\web\CWebApplication.php(282): UserController->run()
#15 C:\xampp\htdocs\framework\web\CWebApplication.php(141): CWebApplication->runController()
#16 C:\xampp\htdocs\framework\base\CApplication.php(180): CWebApplication->processRequest()
#17 C:\xampp\htdocs\gud\index.php(13): CWebApplication->run()
REQUEST_URI=/gud/index.php?r=user/stream&id=5
in C:\xampp\htdocs\gud\themes\template\views\user\stream.php (17)
in C:\xampp\htdocs\gud\protected\controllers\UserController.php (723)
in C:\xampp\htdocs\gud\index.php (13)
2014/02/25 10:13:35 [error] [exception.CHttpException.404] exception 'CHttpException' with message 'The requested page does not exist.' in C:\xampp\htdocs\gud\protected\modules\admin\controllers\StreamController.php:275
Stack trace:
#0 C:\xampp\htdocs\gud\protected\modules\admin\controllers\StreamController.php(143): StreamController->loadModel('5')
#1 [internal function]: StreamController->actionUpdate('5')
#2 C:\xampp\htdocs\framework\web\actions\CAction.php(108): ReflectionMethod->invokeArgs(Object(StreamController), Array)
#3 C:\xampp\htdocs\framework\web\actions\CInlineAction.php(47): CAction->runWithParamsInternal(Object(StreamController), Object(ReflectionMethod), Array)
#4 C:\xampp\htdocs\framework\web\CController.php(308): CInlineAction->runWithParams(Array)
#5 C:\xampp\htdocs\framework\web\filters\CFilterChain.php(133): CController->runAction(Object(CInlineAction))
#6 C:\xampp\htdocs\framework\web\filters\CFilter.php(40): CFilterChain->run()
#7 C:\xampp\htdocs\framework\web\CController.php(1145): CFilter->filter(Object(CFilterChain))
#8 C:\xampp\htdocs\framework\web\filters\CInlineFilter.php(58): CController->filterAccessControl(Object(CFilterChain))
#9 C:\xampp\htdocs\framework\web\filters\CFilterChain.php(130): CInlineFilter->filter(Object(CFilterChain))
#10 C:\xampp\htdocs\framework\web\CController.php(291): CFilterChain->run()
#11 C:\xampp\htdocs\framework\web\CController.php(265): CController->runActionWithFilters(Object(CInlineAction), Array)
#12 C:\xampp\htdocs\framework\web\CWebApplication.php(282): CController->run('update')
#13 C:\xampp\htdocs\framework\web\CWebApplication.php(141): CWebApplication->runController('admin/stream/up...')
#14 C:\xampp\htdocs\framework\base\CApplication.php(180): CWebApplication->processRequest()
#15 C:\xampp\htdocs\gud\index.php(13): CApplication->run()
#16 {main}
REQUEST_URI=/gud/index.php?r=admin/stream/update&id=5
---
2014/02/25 10:14:10 [warning] [application] Failed to set unsafe attribute "oldImage" of "Stream".
in C:\xampp\htdocs\gud\protected\modules\admin\controllers\StreamController.php (150)
in C:\xampp\htdocs\gud\index.php (13)
2014/02/25 10:14:10 [warning] [application] Failed to set unsafe attribute "subjects" of "Stream".
in C:\xampp\htdocs\gud\protected\modules\admin\controllers\StreamController.php (150)
in C:\xampp\htdocs\gud\index.php (13)
2014/02/25 10:20:23 [warning] [application] Failed to set unsafe attribute "career_categories_id" of "CareerOptions".
in C:\xampp\htdocs\gud\protected\modules\admin\controllers\CareerOptionsController.php (217)
in C:\xampp\htdocs\gud\index.php (13)
2014/02/25 10:20:23 [warning] [application] Failed to set unsafe attribute "oldImage" of "CareerOptions".
in C:\xampp\htdocs\gud\protected\modules\admin\controllers\CareerOptionsController.php (217)
in C:\xampp\htdocs\gud\index.php (13)
2014/02/25 10:20:23 [warning] [application] Failed to set unsafe attribute "subjects" of "CareerOptions".
in C:\xampp\htdocs\gud\protected\modules\admin\controllers\CareerOptionsController.php (217)
in C:\xampp\htdocs\gud\index.php (13)
2014/02/25 10:20:53 [warning] [application] Failed to set unsafe attribute "career_categories_id" of "CareerOptions".
in C:\xampp\htdocs\gud\protected\modules\admin\controllers\CareerOptionsController.php (217)
in C:\xampp\htdocs\gud\index.php (13)
2014/02/25 10:20:53 [warning] [application] Failed to set unsafe attribute "oldImage" of "CareerOptions".
in C:\xampp\htdocs\gud\protected\modules\admin\controllers\CareerOptionsController.php (217)
in C:\xampp\htdocs\gud\index.php (13)
2014/02/25 10:20:53 [warning] [application] Failed to set unsafe attribute "subjects" of "CareerOptions".
in C:\xampp\htdocs\gud\protected\modules\admin\controllers\CareerOptionsController.php (217)
in C:\xampp\htdocs\gud\index.php (13)
2014/02/25 10:25:57 [warning] [application] Failed to set unsafe attribute "oldImage" of "Stream".
in C:\xampp\htdocs\gud\protected\modules\admin\controllers\StreamController.php (150)
in C:\xampp\htdocs\gud\index.php (13)
2014/02/25 10:25:57 [warning] [application] Failed to set unsafe attribute "subjects" of "Stream".
in C:\xampp\htdocs\gud\protected\modules\admin\controllers\StreamController.php (150)
in C:\xampp\htdocs\gud\index.php (13)
2014/02/25 10:28:27 [warning] [application] Failed to set unsafe attribute "oldImage" of "Stream".
in C:\xampp\htdocs\gud\protected\modules\admin\controllers\StreamController.php (150)
in C:\xampp\htdocs\gud\index.php (13)
2014/02/25 10:28:27 [warning] [application] Failed to set unsafe attribute "subjects" of "Stream".
in C:\xampp\htdocs\gud\protected\modules\admin\controllers\StreamController.php (150)
in C:\xampp\htdocs\gud\index.php (13)
2014/02/25 10:28:47 [warning] [application] Failed to set unsafe attribute "oldImage" of "Stream".
in C:\xampp\htdocs\gud\protected\modules\admin\controllers\StreamController.php (150)
in C:\xampp\htdocs\gud\index.php (13)
2014/02/25 10:28:47 [warning] [application] Failed to set unsafe attribute "subjects" of "Stream".
in C:\xampp\htdocs\gud\protected\modules\admin\controllers\StreamController.php (150)
in C:\xampp\htdocs\gud\index.php (13)
2014/02/25 10:29:55 [warning] [application] Failed to set unsafe attribute "oldImage" of "Stream".
in C:\xampp\htdocs\gud\protected\modules\admin\controllers\StreamController.php (150)
in C:\xampp\htdocs\gud\index.php (13)
2014/02/25 10:29:55 [warning] [application] Failed to set unsafe attribute "subjects" of "Stream".
in C:\xampp\htdocs\gud\protected\modules\admin\controllers\StreamController.php (150)
in C:\xampp\htdocs\gud\index.php (13)
2014/02/25 10:30:56 [warning] [application] Failed to set unsafe attribute "oldImage" of "Stream".
in C:\xampp\htdocs\gud\protected\modules\admin\controllers\StreamController.php (150)
in C:\xampp\htdocs\gud\index.php (13)
2014/02/25 10:30:56 [warning] [application] Failed to set unsafe attribute "subjects" of "Stream".
in C:\xampp\htdocs\gud\protected\modules\admin\controllers\StreamController.php (150)
in C:\xampp\htdocs\gud\index.php (13)
2014/02/25 10:31:46 [error] [php] Trying to get property of non-object (C:\xampp\htdocs\gud\themes\template\views\user\stream.php:17)
Stack trace:
#0 C:\xampp\htdocs\framework\web\CController.php(869): UserController->renderFile()
#1 C:\xampp\htdocs\framework\web\CController.php(782): UserController->renderPartial()
#2 C:\xampp\htdocs\gud\protected\controllers\UserController.php(723): UserController->render()
#3 unknown(0): UserController->actionStream()
#4 C:\xampp\htdocs\framework\web\actions\CAction.php(108): ReflectionMethod->invokeArgs()
#5 C:\xampp\htdocs\framework\web\actions\CInlineAction.php(47): CInlineAction->runWithParamsInternal()
#6 C:\xampp\htdocs\framework\web\CController.php(308): CInlineAction->runWithParams()
#7 C:\xampp\htdocs\framework\web\filters\CFilterChain.php(133): UserController->runAction()
#8 C:\xampp\htdocs\framework\web\filters\CFilter.php(40): CFilterChain->run()
#9 C:\xampp\htdocs\framework\web\CController.php(1145): CAccessControlFilter->filter()
#10 C:\xampp\htdocs\framework\web\filters\CInlineFilter.php(58): UserController->filterAccessControl()
#11 C:\xampp\htdocs\framework\web\filters\CFilterChain.php(130): CInlineFilter->filter()
#12 C:\xampp\htdocs\framework\web\CController.php(291): CFilterChain->run()
#13 C:\xampp\htdocs\framework\web\CController.php(265): UserController->runActionWithFilters()
#14 C:\xampp\htdocs\framework\web\CWebApplication.php(282): UserController->run()
#15 C:\xampp\htdocs\framework\web\CWebApplication.php(141): CWebApplication->runController()
#16 C:\xampp\htdocs\framework\base\CApplication.php(180): CWebApplication->processRequest()
#17 C:\xampp\htdocs\gud\index.php(13): CWebApplication->run()
REQUEST_URI=/gud/index.php?r=user/stream&id=1
in C:\xampp\htdocs\gud\themes\template\views\user\stream.php (17)
in C:\xampp\htdocs\gud\protected\controllers\UserController.php (723)
in C:\xampp\htdocs\gud\index.php (13)
2014/02/26 07:42:22 [error] [php] Undefined variable: detials (C:\wamp\www\gudaak\protected\controllers\UserController.php:411)
Stack trace:
#0 C:\wamp\www\framework\web\filters\CFilterChain.php(133): UserController->runAction()
#1 C:\wamp\www\framework\web\filters\CFilter.php(40): CFilterChain->run()
#2 C:\wamp\www\framework\web\CController.php(1145): CAccessControlFilter->filter()
#3 C:\wamp\www\framework\web\filters\CInlineFilter.php(58): UserController->filterAccessControl()
#4 C:\wamp\www\framework\web\filters\CFilterChain.php(130): CInlineFilter->filter()
#5 C:\wamp\www\framework\web\CController.php(291): CFilterChain->run()
#6 C:\wamp\www\framework\web\CController.php(265): UserController->runActionWithFilters()
#7 C:\wamp\www\framework\web\CWebApplication.php(282): UserController->run()
#8 C:\wamp\www\framework\web\CWebApplication.php(141): CWebApplication->runController()
#9 C:\wamp\www\framework\base\CApplication.php(180): CWebApplication->processRequest()
#10 C:\wamp\www\gudaak\index.php(13): CWebApplication->run()
REQUEST_URI=/gudaak/index.php?r=user/tests
in C:\wamp\www\gudaak\protected\controllers\UserController.php (411)
in C:\wamp\www\gudaak\index.php (13)
2014/02/26 07:42:53 [error] [php] Undefined variable: detials (C:\wamp\www\gudaak\protected\controllers\UserController.php:411)
Stack trace:
#0 C:\wamp\www\framework\web\filters\CFilterChain.php(133): UserController->runAction()
#1 C:\wamp\www\framework\web\filters\CFilter.php(40): CFilterChain->run()
#2 C:\wamp\www\framework\web\CController.php(1145): CAccessControlFilter->filter()
#3 C:\wamp\www\framework\web\filters\CInlineFilter.php(58): UserController->filterAccessControl()
#4 C:\wamp\www\framework\web\filters\CFilterChain.php(130): CInlineFilter->filter()
#5 C:\wamp\www\framework\web\CController.php(291): CFilterChain->run()
#6 C:\wamp\www\framework\web\CController.php(265): UserController->runActionWithFilters()
#7 C:\wamp\www\framework\web\CWebApplication.php(282): UserController->run()
#8 C:\wamp\www\framework\web\CWebApplication.php(141): CWebApplication->runController()
#9 C:\wamp\www\framework\base\CApplication.php(180): CWebApplication->processRequest()
#10 C:\wamp\www\gudaak\index.php(13): CWebApplication->run()
REQUEST_URI=/gudaak/index.php?r=user/tests
in C:\wamp\www\gudaak\protected\controllers\UserController.php (411)
in C:\wamp\www\gudaak\index.php (13)
2014/02/26 09:34:03 [error] [exception.CHttpException.404] exception 'CHttpException' with message 'Unable to resolve the request "user/stream".' in C:\wamp\www\framework\web\CWebApplication.php:286
Stack trace:
#0 C:\wamp\www\framework\web\CWebApplication.php(141): CWebApplication->runController('user/stream')
#1 C:\wamp\www\framework\base\CApplication.php(180): CWebApplication->processRequest()
#2 C:\wamp\www\gudaak\index.php(13): CApplication->run()
#3 {main}
REQUEST_URI=/gudaak/index.php?r=user/stream&id=6
HTTP_REFERER=http://localhost/gudaak/index.php?r=user/streamList
---
2014/02/26 09:53:37 [error] [exception.CException] exception 'CException' with message 'Property "CWebUser.userType" is not defined.' in C:\wamp\www\framework\base\CComponent.php:130
Stack trace:
#0 C:\wamp\www\framework\web\auth\CWebUser.php(146): CComponent->__get('userType')
#1 C:\wamp\www\framework\base\CComponent.php(612) : eval()'d code(1): CWebUser->__get('userType')
#2 C:\wamp\www\framework\base\CComponent.php(612): eval()
#3 C:\wamp\www\framework\web\auth\CAccessControlFilter.php(392): CComponent->evaluateExpression('Yii::app()->use...', Array)
#4 C:\wamp\www\framework\web\auth\CAccessControlFilter.php(288): CAccessRule->isExpressionMatched(Object(CWebUser))
#5 C:\wamp\www\framework\web\auth\CAccessControlFilter.php(138): CAccessRule->isUserAllowed(Object(CWebUser), Object(UserController), Object(CInlineAction), '127.0.0.1', 'GET')
#6 C:\wamp\www\framework\web\filters\CFilter.php(38): CAccessControlFilter->preFilter(Object(CFilterChain))
#7 C:\wamp\www\framework\web\CController.php(1145): CFilter->filter(Object(CFilterChain))
#8 C:\wamp\www\framework\web\filters\CInlineFilter.php(58): CController->filterAccessControl(Object(CFilterChain))
#9 C:\wamp\www\framework\web\filters\CFilterChain.php(130): CInlineFilter->filter(Object(CFilterChain))
#10 C:\wamp\www\framework\web\CController.php(291): CFilterChain->run()
#11 C:\wamp\www\framework\web\CController.php(265): CController->runActionWithFilters(Object(CInlineAction), Array)
#12 C:\wamp\www\framework\web\CWebApplication.php(282): CController->run('stream')
#13 C:\wamp\www\framework\web\CWebApplication.php(141): CWebApplication->runController('user/stream')
#14 C:\wamp\www\framework\base\CApplication.php(180): CWebApplication->processRequest()
#15 C:\wamp\www\gudaak\index.php(13): CApplication->run()
#16 {main}
REQUEST_URI=/gudaak/index.php?r=user/stream&id=3
---
2014/02/26 09:53:40 [error] [exception.CException] exception 'CException' with message 'Property "CWebUser.userType" is not defined.' in C:\wamp\www\framework\base\CComponent.php:130
Stack trace:
#0 C:\wamp\www\framework\web\auth\CWebUser.php(146): CComponent->__get('userType')
#1 C:\wamp\www\framework\base\CComponent.php(612) : eval()'d code(1): CWebUser->__get('userType')
#2 C:\wamp\www\framework\base\CComponent.php(612): eval()
#3 C:\wamp\www\framework\web\auth\CAccessControlFilter.php(392): CComponent->evaluateExpression('Yii::app()->use...', Array)
#4 C:\wamp\www\framework\web\auth\CAccessControlFilter.php(288): CAccessRule->isExpressionMatched(Object(CWebUser))
#5 C:\wamp\www\framework\web\auth\CAccessControlFilter.php(138): CAccessRule->isUserAllowed(Object(CWebUser), Object(UserController), Object(CInlineAction), '127.0.0.1', 'GET')
#6 C:\wamp\www\framework\web\filters\CFilter.php(38): CAccessControlFilter->preFilter(Object(CFilterChain))
#7 C:\wamp\www\framework\web\CController.php(1145): CFilter->filter(Object(CFilterChain))
#8 C:\wamp\www\framework\web\filters\CInlineFilter.php(58): CController->filterAccessControl(Object(CFilterChain))
#9 C:\wamp\www\framework\web\filters\CFilterChain.php(130): CInlineFilter->filter(Object(CFilterChain))
#10 C:\wamp\www\framework\web\CController.php(291): CFilterChain->run()
#11 C:\wamp\www\framework\web\CController.php(265): CController->runActionWithFilters(Object(CInlineAction), Array)
#12 C:\wamp\www\framework\web\CWebApplication.php(282): CController->run('stream')
#13 C:\wamp\www\framework\web\CWebApplication.php(141): CWebApplication->runController('user/stream')
#14 C:\wamp\www\framework\base\CApplication.php(180): CWebApplication->processRequest()
#15 C:\wamp\www\gudaak\index.php(13): CApplication->run()
#16 {main}
REQUEST_URI=/gudaak/index.php?r=user/stream&id=3
---
2014/02/26 10:11:43 [error] [php] Argument 4 passed to CClientScript::registerScript() must be an array, string given, called in C:\wamp\www\gudaak\themes\template\views\user\_userPrefferdCareer.php on line 35 and defined (C:\wamp\www\framework\web\CClientScript.php:676)
Stack trace:
#0 C:\wamp\www\framework\web\CBaseController.php(95): UserController->renderInternal()
#1 C:\wamp\www\framework\web\CController.php(869): UserController->renderFile()
#2 C:\wamp\www\gudaak\protected\controllers\UserController.php(1343): UserController->renderPartial()
#3 unknown(0): UserController->actionUserPrefferdCareer()
#4 C:\wamp\www\framework\web\actions\CAction.php(108): ReflectionMethod->invokeArgs()
#5 C:\wamp\www\framework\web\actions\CInlineAction.php(47): CInlineAction->runWithParamsInternal()
#6 C:\wamp\www\framework\web\CController.php(308): CInlineAction->runWithParams()
#7 C:\wamp\www\framework\web\filters\CFilterChain.php(133): UserController->runAction()
#8 C:\wamp\www\framework\web\filters\CFilter.php(40): CFilterChain->run()
#9 C:\wamp\www\framework\web\CController.php(1145): CAccessControlFilter->filter()
#10 C:\wamp\www\framework\web\filters\CInlineFilter.php(58): UserController->filterAccessControl()
#11 C:\wamp\www\framework\web\filters\CFilterChain.php(130): CInlineFilter->filter()
#12 C:\wamp\www\framework\web\CController.php(291): CFilterChain->run()
#13 C:\wamp\www\framework\web\CController.php(265): UserController->runActionWithFilters()
#14 C:\wamp\www\framework\web\CWebApplication.php(282): UserController->run()
#15 C:\wamp\www\framework\web\CWebApplication.php(141): CWebApplication->runController()
#16 C:\wamp\www\framework\base\CApplication.php(180): CWebApplication->processRequest()
#17 C:\wamp\www\gudaak\index.php(13): CWebApplication->run()
REQUEST_URI=/gudaak/index.php?r=user/UserPrefferdCareer&id=1&_=1393409503350
in C:\wamp\www\gudaak\themes\template\views\user\_userPrefferdCareer.php (35)
in C:\wamp\www\gudaak\protected\controllers\UserController.php (1343)
in C:\wamp\www\gudaak\index.php (13)
2014/02/26 10:12:14 [error] [php] Argument 4 passed to CClientScript::registerScript() must be an array, string given, called in C:\wamp\www\gudaak\themes\template\views\user\_userPrefferdCareer.php on line 35 and defined (C:\wamp\www\framework\web\CClientScript.php:676)
Stack trace:
#0 C:\wamp\www\framework\web\CBaseController.php(95): UserController->renderInternal()
#1 C:\wamp\www\framework\web\CController.php(869): UserController->renderFile()
#2 C:\wamp\www\gudaak\protected\controllers\UserController.php(1343): UserController->renderPartial()
#3 unknown(0): UserController->actionUserPrefferdCareer()
#4 C:\wamp\www\framework\web\actions\CAction.php(108): ReflectionMethod->invokeArgs()
#5 C:\wamp\www\framework\web\actions\CInlineAction.php(47): CInlineAction->runWithParamsInternal()
#6 C:\wamp\www\framework\web\CController.php(308): CInlineAction->runWithParams()
#7 C:\wamp\www\framework\web\filters\CFilterChain.php(133): UserController->runAction()
#8 C:\wamp\www\framework\web\filters\CFilter.php(40): CFilterChain->run()
#9 C:\wamp\www\framework\web\CController.php(1145): CAccessControlFilter->filter()
#10 C:\wamp\www\framework\web\filters\CInlineFilter.php(58): UserController->filterAccessControl()
#11 C:\wamp\www\framework\web\filters\CFilterChain.php(130): CInlineFilter->filter()
#12 C:\wamp\www\framework\web\CController.php(291): CFilterChain->run()
#13 C:\wamp\www\framework\web\CController.php(265): UserController->runActionWithFilters()
#14 C:\wamp\www\framework\web\CWebApplication.php(282): UserController->run()
#15 C:\wamp\www\framework\web\CWebApplication.php(141): CWebApplication->runController()
#16 C:\wamp\www\framework\base\CApplication.php(180): CWebApplication->processRequest()
#17 C:\wamp\www\gudaak\index.php(13): CWebApplication->run()
REQUEST_URI=/gudaak/index.php?r=user/UserPrefferdCareer&id=1&_=1393409534717
in C:\wamp\www\gudaak\themes\template\views\user\_userPrefferdCareer.php (35)
in C:\wamp\www\gudaak\protected\controllers\UserController.php (1343)
in C:\wamp\www\gudaak\index.php (13)
2014/02/26 10:42:13 [error] [php] Undefined variable: detials (C:\wamp\www\gudaak\protected\controllers\UserController.php:411)
Stack trace:
#0 C:\wamp\www\framework\web\filters\CFilterChain.php(133): UserController->runAction()
#1 C:\wamp\www\framework\web\filters\CFilter.php(40): CFilterChain->run()
#2 C:\wamp\www\framework\web\CController.php(1145): CAccessControlFilter->filter()
#3 C:\wamp\www\framework\web\filters\CInlineFilter.php(58): UserController->filterAccessControl()
#4 C:\wamp\www\framework\web\filters\CFilterChain.php(130): CInlineFilter->filter()
#5 C:\wamp\www\framework\web\CController.php(291): CFilterChain->run()
#6 C:\wamp\www\framework\web\CController.php(265): UserController->runActionWithFilters()
#7 C:\wamp\www\framework\web\CWebApplication.php(282): UserController->run()
#8 C:\wamp\www\framework\web\CWebApplication.php(141): CWebApplication->runController()
#9 C:\wamp\www\framework\base\CApplication.php(180): CWebApplication->processRequest()
#10 C:\wamp\www\gudaak\index.php(13): CWebApplication->run()
REQUEST_URI=/gudaak/index.php?r=user/tests
in C:\wamp\www\gudaak\protected\controllers\UserController.php (411)
in C:\wamp\www\gudaak\index.php (13)
2014/02/26 10:42:15 [error] [php] Undefined variable: detials (C:\wamp\www\gudaak\protected\controllers\UserController.php:411)
Stack trace:
#0 C:\wamp\www\framework\web\filters\CFilterChain.php(133): UserController->runAction()
#1 C:\wamp\www\framework\web\filters\CFilter.php(40): CFilterChain->run()
#2 C:\wamp\www\framework\web\CController.php(1145): CAccessControlFilter->filter()
#3 C:\wamp\www\framework\web\filters\CInlineFilter.php(58): UserController->filterAccessControl()
#4 C:\wamp\www\framework\web\filters\CFilterChain.php(130): CInlineFilter->filter()
#5 C:\wamp\www\framework\web\CController.php(291): CFilterChain->run()
#6 C:\wamp\www\framework\web\CController.php(265): UserController->runActionWithFilters()
#7 C:\wamp\www\framework\web\CWebApplication.php(282): UserController->run()
#8 C:\wamp\www\framework\web\CWebApplication.php(141): CWebApplication->runController()
#9 C:\wamp\www\framework\base\CApplication.php(180): CWebApplication->processRequest()
#10 C:\wamp\www\gudaak\index.php(13): CWebApplication->run()
REQUEST_URI=/gudaak/index.php?r=user/tests
in C:\wamp\www\gudaak\protected\controllers\UserController.php (411)
in C:\wamp\www\gudaak\index.php (13)
2014/02/26 10:42:16 [error] [php] Undefined variable: detials (C:\wamp\www\gudaak\protected\controllers\UserController.php:411)
Stack trace:
#0 C:\wamp\www\framework\web\filters\CFilterChain.php(133): UserController->runAction()
#1 C:\wamp\www\framework\web\filters\CFilter.php(40): CFilterChain->run()
#2 C:\wamp\www\framework\web\CController.php(1145): CAccessControlFilter->filter()
#3 C:\wamp\www\framework\web\filters\CInlineFilter.php(58): UserController->filterAccessControl()
#4 C:\wamp\www\framework\web\filters\CFilterChain.php(130): CInlineFilter->filter()
#5 C:\wamp\www\framework\web\CController.php(291): CFilterChain->run()
#6 C:\wamp\www\framework\web\CController.php(265): UserController->runActionWithFilters()
#7 C:\wamp\www\framework\web\CWebApplication.php(282): UserController->run()
#8 C:\wamp\www\framework\web\CWebApplication.php(141): CWebApplication->runController()
#9 C:\wamp\www\framework\base\CApplication.php(180): CWebApplication->processRequest()
#10 C:\wamp\www\gudaak\index.php(13): CWebApplication->run()
REQUEST_URI=/gudaak/index.php?r=user/tests
in C:\wamp\www\gudaak\protected\controllers\UserController.php (411)
in C:\wamp\www\gudaak\index.php (13)
2014/02/26 10:42:18 [error] [php] Undefined variable: detials (C:\wamp\www\gudaak\protected\controllers\UserController.php:411)
Stack trace:
#0 C:\wamp\www\framework\web\filters\CFilterChain.php(133): UserController->runAction()
#1 C:\wamp\www\framework\web\filters\CFilter.php(40): CFilterChain->run()
#2 C:\wamp\www\framework\web\CController.php(1145): CAccessControlFilter->filter()
#3 C:\wamp\www\framework\web\filters\CInlineFilter.php(58): UserController->filterAccessControl()
#4 C:\wamp\www\framework\web\filters\CFilterChain.php(130): CInlineFilter->filter()
#5 C:\wamp\www\framework\web\CController.php(291): CFilterChain->run()
#6 C:\wamp\www\framework\web\CController.php(265): UserController->runActionWithFilters()
#7 C:\wamp\www\framework\web\CWebApplication.php(282): UserController->run()
#8 C:\wamp\www\framework\web\CWebApplication.php(141): CWebApplication->runController()
#9 C:\wamp\www\framework\base\CApplication.php(180): CWebApplication->processRequest()
#10 C:\wamp\www\gudaak\index.php(13): CWebApplication->run()
REQUEST_URI=/gudaak/index.php?r=user/tests
in C:\wamp\www\gudaak\protected\controllers\UserController.php (411)
in C:\wamp\www\gudaak\index.php (13)
2014/02/26 10:42:58 [error] [php] Undefined variable: detials (C:\wamp\www\gudaak\protected\controllers\UserController.php:411)
Stack trace:
#0 C:\wamp\www\framework\web\filters\CFilterChain.php(133): UserController->runAction()
#1 C:\wamp\www\framework\web\filters\CFilter.php(40): CFilterChain->run()
#2 C:\wamp\www\framework\web\CController.php(1145): CAccessControlFilter->filter()
#3 C:\wamp\www\framework\web\filters\CInlineFilter.php(58): UserController->filterAccessControl()
#4 C:\wamp\www\framework\web\filters\CFilterChain.php(130): CInlineFilter->filter()
#5 C:\wamp\www\framework\web\CController.php(291): CFilterChain->run()
#6 C:\wamp\www\framework\web\CController.php(265): UserController->runActionWithFilters()
#7 C:\wamp\www\framework\web\CWebApplication.php(282): UserController->run()
#8 C:\wamp\www\framework\web\CWebApplication.php(141): CWebApplication->runController()
#9 C:\wamp\www\framework\base\CApplication.php(180): CWebApplication->processRequest()
#10 C:\wamp\www\gudaak\index.php(13): CWebApplication->run()
REQUEST_URI=/gudaak/index.php?r=user/tests
in C:\wamp\www\gudaak\protected\controllers\UserController.php (411)
in C:\wamp\www\gudaak\index.php (13)
2014/02/26 10:43:00 [error] [php] Undefined variable: detials (C:\wamp\www\gudaak\protected\controllers\UserController.php:411)
Stack trace:
#0 C:\wamp\www\framework\web\filters\CFilterChain.php(133): UserController->runAction()
#1 C:\wamp\www\framework\web\filters\CFilter.php(40): CFilterChain->run()
#2 C:\wamp\www\framework\web\CController.php(1145): CAccessControlFilter->filter()
#3 C:\wamp\www\framework\web\filters\CInlineFilter.php(58): UserController->filterAccessControl()
#4 C:\wamp\www\framework\web\filters\CFilterChain.php(130): CInlineFilter->filter()
#5 C:\wamp\www\framework\web\CController.php(291): CFilterChain->run()
#6 C:\wamp\www\framework\web\CController.php(265): UserController->runActionWithFilters()
#7 C:\wamp\www\framework\web\CWebApplication.php(282): UserController->run()
#8 C:\wamp\www\framework\web\CWebApplication.php(141): CWebApplication->runController()
#9 C:\wamp\www\framework\base\CApplication.php(180): CWebApplication->processRequest()
#10 C:\wamp\www\gudaak\index.php(13): CWebApplication->run()
REQUEST_URI=/gudaak/index.php?r=user/tests
in C:\wamp\www\gudaak\protected\controllers\UserController.php (411)
in C:\wamp\www\gudaak\index.php (13)
2014/02/26 10:43:02 [error] [php] Undefined variable: detials (C:\wamp\www\gudaak\protected\controllers\UserController.php:411)
Stack trace:
#0 C:\wamp\www\framework\web\filters\CFilterChain.php(133): UserController->runAction()
#1 C:\wamp\www\framework\web\filters\CFilter.php(40): CFilterChain->run()
#2 C:\wamp\www\framework\web\CController.php(1145): CAccessControlFilter->filter()
#3 C:\wamp\www\framework\web\filters\CInlineFilter.php(58): UserController->filterAccessControl()
#4 C:\wamp\www\framework\web\filters\CFilterChain.php(130): CInlineFilter->filter()
#5 C:\wamp\www\framework\web\CController.php(291): CFilterChain->run()
#6 C:\wamp\www\framework\web\CController.php(265): UserController->runActionWithFilters()
#7 C:\wamp\www\framework\web\CWebApplication.php(282): UserController->run()
#8 C:\wamp\www\framework\web\CWebApplication.php(141): CWebApplication->runController()
#9 C:\wamp\www\framework\base\CApplication.php(180): CWebApplication->processRequest()
#10 C:\wamp\www\gudaak\index.php(13): CWebApplication->run()
REQUEST_URI=/gudaak/index.php?r=user/tests
in C:\wamp\www\gudaak\protected\controllers\UserController.php (411)
in C:\wamp\www\gudaak\index.php (13)
2014/02/26 10:45:34 [error] [php] mail() [<a href='function.mail'>function.mail</a>]: Failed to connect to mailserver at &quot;localhost&quot; port 25, verify your &quot;SMTP&quot; and &quot;smtp_port&quot; setting in php.ini or use ini_set() (C:\wamp\www\gudaak\protected\controllers\SiteController.php:195)
Stack trace:
#0 C:\wamp\www\framework\web\CController.php(308): CInlineAction->runWithParams()
#1 C:\wamp\www\framework\web\CController.php(286): SiteController->runAction()
#2 C:\wamp\www\framework\web\CController.php(265): SiteController->runActionWithFilters()
#3 C:\wamp\www\framework\web\CWebApplication.php(282): SiteController->run()
#4 C:\wamp\www\framework\web\CWebApplication.php(141): CWebApplication->runController()
#5 C:\wamp\www\framework\base\CApplication.php(180): CWebApplication->processRequest()
#6 C:\wamp\www\gudaak\index.php(13): CWebApplication->run()
REQUEST_URI=/gudaak/index.php?r=site/UserRegister
in C:\wamp\www\gudaak\protected\controllers\SiteController.php (195)
in C:\wamp\www\gudaak\index.php (13)
2014/02/26 10:46:43 [error] [php] Undefined variable: detials (C:\wamp\www\gudaak\protected\controllers\UserController.php:411)
Stack trace:
#0 C:\wamp\www\framework\web\filters\CFilterChain.php(133): UserController->runAction()
#1 C:\wamp\www\framework\web\filters\CFilter.php(40): CFilterChain->run()
#2 C:\wamp\www\framework\web\CController.php(1145): CAccessControlFilter->filter()
#3 C:\wamp\www\framework\web\filters\CInlineFilter.php(58): UserController->filterAccessControl()
#4 C:\wamp\www\framework\web\filters\CFilterChain.php(130): CInlineFilter->filter()
#5 C:\wamp\www\framework\web\CController.php(291): CFilterChain->run()
#6 C:\wamp\www\framework\web\CController.php(265): UserController->runActionWithFilters()
#7 C:\wamp\www\framework\web\CWebApplication.php(282): UserController->run()
#8 C:\wamp\www\framework\web\CWebApplication.php(141): CWebApplication->runController()
#9 C:\wamp\www\framework\base\CApplication.php(180): CWebApplication->processRequest()
#10 C:\wamp\www\gudaak\index.php(13): CWebApplication->run()
REQUEST_URI=/gudaak/index.php?r=user/tests
in C:\wamp\www\gudaak\protected\controllers\UserController.php (411)
in C:\wamp\www\gudaak\index.php (13)
2014/02/26 10:46:53 [error] [php] Undefined variable: detials (C:\wamp\www\gudaak\protected\controllers\UserController.php:411)
Stack trace:
#0 C:\wamp\www\framework\web\filters\CFilterChain.php(133): UserController->runAction()
#1 C:\wamp\www\framework\web\filters\CFilter.php(40): CFilterChain->run()
#2 C:\wamp\www\framework\web\CController.php(1145): CAccessControlFilter->filter()
#3 C:\wamp\www\framework\web\filters\CInlineFilter.php(58): UserController->filterAccessControl()
#4 C:\wamp\www\framework\web\filters\CFilterChain.php(130): CInlineFilter->filter()
#5 C:\wamp\www\framework\web\CController.php(291): CFilterChain->run()
#6 C:\wamp\www\framework\web\CController.php(265): UserController->runActionWithFilters()
#7 C:\wamp\www\framework\web\CWebApplication.php(282): UserController->run()
#8 C:\wamp\www\framework\web\CWebApplication.php(141): CWebApplication->runController()
#9 C:\wamp\www\framework\base\CApplication.php(180): CWebApplication->processRequest()
#10 C:\wamp\www\gudaak\index.php(13): CWebApplication->run()
REQUEST_URI=/gudaak/index.php?r=user/tests
in C:\wamp\www\gudaak\protected\controllers\UserController.php (411)
in C:\wamp\www\gudaak\index.php (13)
2014/02/26 10:47:29 [error] [php] Undefined variable: detials (C:\wamp\www\gudaak\protected\controllers\UserController.php:411)
Stack trace:
#0 C:\wamp\www\framework\web\filters\CFilterChain.php(133): UserController->runAction()
#1 C:\wamp\www\framework\web\filters\CFilter.php(40): CFilterChain->run()
#2 C:\wamp\www\framework\web\CController.php(1145): CAccessControlFilter->filter()
#3 C:\wamp\www\framework\web\filters\CInlineFilter.php(58): UserController->filterAccessControl()
#4 C:\wamp\www\framework\web\filters\CFilterChain.php(130): CInlineFilter->filter()
#5 C:\wamp\www\framework\web\CController.php(291): CFilterChain->run()
#6 C:\wamp\www\framework\web\CController.php(265): UserController->runActionWithFilters()
#7 C:\wamp\www\framework\web\CWebApplication.php(282): UserController->run()
#8 C:\wamp\www\framework\web\CWebApplication.php(141): CWebApplication->runController()
#9 C:\wamp\www\framework\base\CApplication.php(180): CWebApplication->processRequest()
#10 C:\wamp\www\gudaak\index.php(13): CWebApplication->run()
REQUEST_URI=/gudaak/index.php?r=user/tests
in C:\wamp\www\gudaak\protected\controllers\UserController.php (411)
in C:\wamp\www\gudaak\index.php (13)
2014/02/26 10:55:25 [error] [php] Undefined variable: detials (C:\wamp\www\gudaak\protected\controllers\UserController.php:411)
Stack trace:
#0 C:\wamp\www\framework\web\filters\CFilterChain.php(133): UserController->runAction()
#1 C:\wamp\www\framework\web\filters\CFilter.php(40): CFilterChain->run()
#2 C:\wamp\www\framework\web\CController.php(1145): CAccessControlFilter->filter()
#3 C:\wamp\www\framework\web\filters\CInlineFilter.php(58): UserController->filterAccessControl()
#4 C:\wamp\www\framework\web\filters\CFilterChain.php(130): CInlineFilter->filter()
#5 C:\wamp\www\framework\web\CController.php(291): CFilterChain->run()
#6 C:\wamp\www\framework\web\CController.php(265): UserController->runActionWithFilters()
#7 C:\wamp\www\framework\web\CWebApplication.php(282): UserController->run()
#8 C:\wamp\www\framework\web\CWebApplication.php(141): CWebApplication->runController()
#9 C:\wamp\www\framework\base\CApplication.php(180): CWebApplication->processRequest()
#10 C:\wamp\www\gudaak\index.php(13): CWebApplication->run()
REQUEST_URI=/gudaak/index.php?r=user/tests
in C:\wamp\www\gudaak\protected\controllers\UserController.php (411)
in C:\wamp\www\gudaak\index.php (13)
2014/02/26 10:58:56 [error] [php] Undefined variable: detials (C:\wamp\www\gudaak\protected\controllers\UserController.php:413)
Stack trace:
#0 C:\wamp\www\framework\web\filters\CFilterChain.php(133): UserController->runAction()
#1 C:\wamp\www\framework\web\filters\CFilter.php(40): CFilterChain->run()
#2 C:\wamp\www\framework\web\CController.php(1145): CAccessControlFilter->filter()
#3 C:\wamp\www\framework\web\filters\CInlineFilter.php(58): UserController->filterAccessControl()
#4 C:\wamp\www\framework\web\filters\CFilterChain.php(130): CInlineFilter->filter()
#5 C:\wamp\www\framework\web\CController.php(291): CFilterChain->run()
#6 C:\wamp\www\framework\web\CController.php(265): UserController->runActionWithFilters()
#7 C:\wamp\www\framework\web\CWebApplication.php(282): UserController->run()
#8 C:\wamp\www\framework\web\CWebApplication.php(141): CWebApplication->runController()
#9 C:\wamp\www\framework\base\CApplication.php(180): CWebApplication->processRequest()
#10 C:\wamp\www\gudaak\index.php(13): CWebApplication->run()
REQUEST_URI=/gudaak/index.php?r=user/tests
in C:\wamp\www\gudaak\protected\controllers\UserController.php (413)
in C:\wamp\www\gudaak\index.php (13)
2014/02/26 11:00:26 [error] [php] Undefined variable: detials (C:\wamp\www\gudaak\protected\controllers\UserController.php:416)
Stack trace:
#0 C:\wamp\www\framework\web\filters\CFilterChain.php(133): UserController->runAction()
#1 C:\wamp\www\framework\web\filters\CFilter.php(40): CFilterChain->run()
#2 C:\wamp\www\framework\web\CController.php(1145): CAccessControlFilter->filter()
#3 C:\wamp\www\framework\web\filters\CInlineFilter.php(58): UserController->filterAccessControl()
#4 C:\wamp\www\framework\web\filters\CFilterChain.php(130): CInlineFilter->filter()
#5 C:\wamp\www\framework\web\CController.php(291): CFilterChain->run()
#6 C:\wamp\www\framework\web\CController.php(265): UserController->runActionWithFilters()
#7 C:\wamp\www\framework\web\CWebApplication.php(282): UserController->run()
#8 C:\wamp\www\framework\web\CWebApplication.php(141): CWebApplication->runController()
#9 C:\wamp\www\framework\base\CApplication.php(180): CWebApplication->processRequest()
#10 C:\wamp\www\gudaak\index.php(13): CWebApplication->run()
REQUEST_URI=/gudaak/index.php?r=user/tests
in C:\wamp\www\gudaak\protected\controllers\UserController.php (416)
in C:\wamp\www\gudaak\index.php (13)
2014/02/26 11:10:31 [error] [php] Undefined variable: detials (C:\wamp\www\gudaak\protected\controllers\UserController.php:416)
Stack trace:
#0 C:\wamp\www\framework\web\filters\CFilterChain.php(133): UserController->runAction()
#1 C:\wamp\www\framework\web\filters\CFilter.php(40): CFilterChain->run()
#2 C:\wamp\www\framework\web\CController.php(1145): CAccessControlFilter->filter()
#3 C:\wamp\www\framework\web\filters\CInlineFilter.php(58): UserController->filterAccessControl()
#4 C:\wamp\www\framework\web\filters\CFilterChain.php(130): CInlineFilter->filter()
#5 C:\wamp\www\framework\web\CController.php(291): CFilterChain->run()
#6 C:\wamp\www\framework\web\CController.php(265): UserController->runActionWithFilters()
#7 C:\wamp\www\framework\web\CWebApplication.php(282): UserController->run()
#8 C:\wamp\www\framework\web\CWebApplication.php(141): CWebApplication->runController()
#9 C:\wamp\www\framework\base\CApplication.php(180): CWebApplication->processRequest()
#10 C:\wamp\www\gudaak\index.php(13): CWebApplication->run()
REQUEST_URI=/gudaak/index.php?r=user/tests
in C:\wamp\www\gudaak\protected\controllers\UserController.php (416)
in C:\wamp\www\gudaak\index.php (13)
2014/02/26 11:10:46 [error] [php] Undefined variable: detials (C:\wamp\www\gudaak\protected\controllers\UserController.php:416)
Stack trace:
#0 C:\wamp\www\framework\web\filters\CFilterChain.php(133): UserController->runAction()
#1 C:\wamp\www\framework\web\filters\CFilter.php(40): CFilterChain->run()
#2 C:\wamp\www\framework\web\CController.php(1145): CAccessControlFilter->filter()
#3 C:\wamp\www\framework\web\filters\CInlineFilter.php(58): UserController->filterAccessControl()
#4 C:\wamp\www\framework\web\filters\CFilterChain.php(130): CInlineFilter->filter()
#5 C:\wamp\www\framework\web\CController.php(291): CFilterChain->run()
#6 C:\wamp\www\framework\web\CController.php(265): UserController->runActionWithFilters()
#7 C:\wamp\www\framework\web\CWebApplication.php(282): UserController->run()
#8 C:\wamp\www\framework\web\CWebApplication.php(141): CWebApplication->runController()
#9 C:\wamp\www\framework\base\CApplication.php(180): CWebApplication->processRequest()
#10 C:\wamp\www\gudaak\index.php(13): CWebApplication->run()
REQUEST_URI=/gudaak/index.php?r=user/tests
in C:\wamp\www\gudaak\protected\controllers\UserController.php (416)
in C:\wamp\www\gudaak\index.php (13)
2014/02/26 11:11:17 [error] [php] Undefined variable: detials (C:\wamp\www\gudaak\protected\controllers\UserController.php:416)
Stack trace:
#0 C:\wamp\www\framework\web\filters\CFilterChain.php(133): UserController->runAction()
#1 C:\wamp\www\framework\web\filters\CFilter.php(40): CFilterChain->run()
#2 C:\wamp\www\framework\web\CController.php(1145): CAccessControlFilter->filter()
#3 C:\wamp\www\framework\web\filters\CInlineFilter.php(58): UserController->filterAccessControl()
#4 C:\wamp\www\framework\web\filters\CFilterChain.php(130): CInlineFilter->filter()
#5 C:\wamp\www\framework\web\CController.php(291): CFilterChain->run()
#6 C:\wamp\www\framework\web\CController.php(265): UserController->runActionWithFilters()
#7 C:\wamp\www\framework\web\CWebApplication.php(282): UserController->run()
#8 C:\wamp\www\framework\web\CWebApplication.php(141): CWebApplication->runController()
#9 C:\wamp\www\framework\base\CApplication.php(180): CWebApplication->processRequest()
#10 C:\wamp\www\gudaak\index.php(13): CWebApplication->run()
REQUEST_URI=/gudaak/index.php?r=user/tests
in C:\wamp\www\gudaak\protected\controllers\UserController.php (416)
in C:\wamp\www\gudaak\index.php (13)
2014/02/26 11:11:56 [error] [php] Undefined variable: detials (C:\wamp\www\gudaak\protected\controllers\UserController.php:417)
Stack trace:
#0 C:\wamp\www\framework\web\filters\CFilterChain.php(133): UserController->runAction()
#1 C:\wamp\www\framework\web\filters\CFilter.php(40): CFilterChain->run()
#2 C:\wamp\www\framework\web\CController.php(1145): CAccessControlFilter->filter()
#3 C:\wamp\www\framework\web\filters\CInlineFilter.php(58): UserController->filterAccessControl()
#4 C:\wamp\www\framework\web\filters\CFilterChain.php(130): CInlineFilter->filter()
#5 C:\wamp\www\framework\web\CController.php(291): CFilterChain->run()
#6 C:\wamp\www\framework\web\CController.php(265): UserController->runActionWithFilters()
#7 C:\wamp\www\framework\web\CWebApplication.php(282): UserController->run()
#8 C:\wamp\www\framework\web\CWebApplication.php(141): CWebApplication->runController()
#9 C:\wamp\www\framework\base\CApplication.php(180): CWebApplication->processRequest()
#10 C:\wamp\www\gudaak\index.php(13): CWebApplication->run()
REQUEST_URI=/gudaak/index.php?r=user/tests
in C:\wamp\www\gudaak\protected\controllers\UserController.php (417)
in C:\wamp\www\gudaak\index.php (13)
2014/02/26 11:13:32 [error] [php] Undefined variable: detials (C:\wamp\www\gudaak\protected\controllers\UserController.php:417)
Stack trace:
#0 C:\wamp\www\framework\web\filters\CFilterChain.php(133): UserController->runAction()
#1 C:\wamp\www\framework\web\filters\CFilter.php(40): CFilterChain->run()
#2 C:\wamp\www\framework\web\CController.php(1145): CAccessControlFilter->filter()
#3 C:\wamp\www\framework\web\filters\CInlineFilter.php(58): UserController->filterAccessControl()
#4 C:\wamp\www\framework\web\filters\CFilterChain.php(130): CInlineFilter->filter()
#5 C:\wamp\www\framework\web\CController.php(291): CFilterChain->run()
#6 C:\wamp\www\framework\web\CController.php(265): UserController->runActionWithFilters()
#7 C:\wamp\www\framework\web\CWebApplication.php(282): UserController->run()
#8 C:\wamp\www\framework\web\CWebApplication.php(141): CWebApplication->runController()
#9 C:\wamp\www\framework\base\CApplication.php(180): CWebApplication->processRequest()
#10 C:\wamp\www\gudaak\index.php(13): CWebApplication->run()
REQUEST_URI=/gudaak/index.php?r=user/tests
in C:\wamp\www\gudaak\protected\controllers\UserController.php (417)
in C:\wamp\www\gudaak\index.php (13)
2014/02/26 11:13:48 [error] [php] Undefined variable: detials (C:\wamp\www\gudaak\protected\controllers\UserController.php:412)
Stack trace:
#0 C:\wamp\www\framework\web\filters\CFilterChain.php(133): UserController->runAction()
#1 C:\wamp\www\framework\web\filters\CFilter.php(40): CFilterChain->run()
#2 C:\wamp\www\framework\web\CController.php(1145): CAccessControlFilter->filter()
#3 C:\wamp\www\framework\web\filters\CInlineFilter.php(58): UserController->filterAccessControl()
#4 C:\wamp\www\framework\web\filters\CFilterChain.php(130): CInlineFilter->filter()
#5 C:\wamp\www\framework\web\CController.php(291): CFilterChain->run()
#6 C:\wamp\www\framework\web\CController.php(265): UserController->runActionWithFilters()
#7 C:\wamp\www\framework\web\CWebApplication.php(282): UserController->run()
#8 C:\wamp\www\framework\web\CWebApplication.php(141): CWebApplication->runController()
#9 C:\wamp\www\framework\base\CApplication.php(180): CWebApplication->processRequest()
#10 C:\wamp\www\gudaak\index.php(13): CWebApplication->run()
REQUEST_URI=/gudaak/index.php?r=user/tests
in C:\wamp\www\gudaak\protected\controllers\UserController.php (412)
in C:\wamp\www\gudaak\index.php (13)
2014/02/26 11:14:47 [error] [exception.CHttpException.404] exception 'CHttpException' with message 'Unable to resolve the request "user/tests".' in C:\wamp\www\framework\web\CWebApplication.php:286
Stack trace:
#0 C:\wamp\www\framework\web\CWebApplication.php(141): CWebApplication->runController('user/tests')
#1 C:\wamp\www\framework\base\CApplication.php(180): CWebApplication->processRequest()
#2 C:\wamp\www\gudaak\index.php(13): CApplication->run()
#3 {main}
REQUEST_URI=/gudaak/index.php?r=user/tests
HTTP_REFERER=http://localhost/gudaak/index.php?r=user
---
2014/02/26 11:14:51 [error] [exception.CHttpException.404] exception 'CHttpException' with message 'Unable to resolve the request "user/tests".' in C:\wamp\www\framework\web\CWebApplication.php:286
Stack trace:
#0 C:\wamp\www\framework\web\CWebApplication.php(141): CWebApplication->runController('user/tests')
#1 C:\wamp\www\framework\base\CApplication.php(180): CWebApplication->processRequest()
#2 C:\wamp\www\gudaak\index.php(13): CApplication->run()
#3 {main}
REQUEST_URI=/gudaak/index.php?r=user/tests
HTTP_REFERER=http://localhost/gudaak/index.php?r=user
---
2014/02/26 11:14:59 [error] [php] Undefined variable: detials (C:\wamp\www\gudaak\protected\controllers\UserController.php:411)
Stack trace:
#0 C:\wamp\www\framework\web\filters\CFilterChain.php(133): UserController->runAction()
#1 C:\wamp\www\framework\web\filters\CFilter.php(40): CFilterChain->run()
#2 C:\wamp\www\framework\web\CController.php(1145): CAccessControlFilter->filter()
#3 C:\wamp\www\framework\web\filters\CInlineFilter.php(58): UserController->filterAccessControl()
#4 C:\wamp\www\framework\web\filters\CFilterChain.php(130): CInlineFilter->filter()
#5 C:\wamp\www\framework\web\CController.php(291): CFilterChain->run()
#6 C:\wamp\www\framework\web\CController.php(265): UserController->runActionWithFilters()
#7 C:\wamp\www\framework\web\CWebApplication.php(282): UserController->run()
#8 C:\wamp\www\framework\web\CWebApplication.php(141): CWebApplication->runController()
#9 C:\wamp\www\framework\base\CApplication.php(180): CWebApplication->processRequest()
#10 C:\wamp\www\gudaak\index.php(13): CWebApplication->run()
REQUEST_URI=/gudaak/index.php?r=user/tests
in C:\wamp\www\gudaak\protected\controllers\UserController.php (411)
in C:\wamp\www\gudaak\index.php (13)
2014/02/26 11:31:32 [warning] [application] Failed to set unsafe attribute "career_categories_id" of "TestReports".
in C:\wamp\www\gudaak\protected\controllers\UserController.php (336)
in C:\wamp\www\gudaak\index.php (13)
2014/02/26 11:35:28 [warning] [application] Failed to set unsafe attribute "career_categories_id" of "TestReports".
in C:\wamp\www\gudaak\protected\controllers\UserController.php (336)
in C:\wamp\www\gudaak\index.php (13)
2014/02/26 11:41:44 [warning] [application] Failed to set unsafe attribute "career_categories_id" of "TestReports".
in C:\wamp\www\gudaak\protected\controllers\UserController.php (336)
in C:\wamp\www\gudaak\index.php (13)
2014/02/26 11:59:31 [warning] [application] Failed to set unsafe attribute "career_categories_id" of "TestReports".
in C:\wamp\www\gudaak\protected\controllers\UserController.php (336)
in C:\wamp\www\gudaak\index.php (13)
